Symlinking /home/jorgeurjc/Jorge_ws/devel/include/patrolling_sim/GoToStartPosSrvRequest.h
Symlinking /home/jorgeurjc/Jorge_ws/devel/include/patrolling_sim/GoToStartPosSrvResponse.h
Symlinking /home/jorgeurjc/Jorge_ws/devel/include/patrolling_sim/GoToStartPosSrv.h
Symlinking /home/jorgeurjc/Jorge_ws/devel/lib/libSSIPatrolAgent.so
Symlinking /home/jorgeurjc/Jorge_ws/devel/lib/libPatrolAgent.so
Symlinking /home/jorgeurjc/Jorge_ws/devel/lib/patrolling_sim/Conscientious_Cognitive
Symlinking /home/jorgeurjc/Jorge_ws/devel/lib/patrolling_sim/DTASSI
Symlinking /home/jorgeurjc/Jorge_ws/devel/lib/patrolling_sim/DTASSIPart
Symlinking /home/jorgeurjc/Jorge_ws/devel/lib/patrolling_sim/GoToStartPos
Symlinking /home/jorgeurjc/Jorge_ws/devel/lib/patrolling_sim/Heuristic_Conscientious_Reactive
Symlinking /home/jorgeurjc/Jorge_ws/devel/lib/patrolling_sim/CBLS
Symlinking /home/jorgeurjc/Jorge_ws/devel/lib/patrolling_sim/Cyclic
Symlinking /home/jorgeurjc/Jorge_ws/devel/lib/patrolling_sim/Conscientious_Reactive
Symlinking /home/jorgeurjc/Jorge_ws/devel/lib/patrolling_sim/GBS
Symlinking /home/jorgeurjc/Jorge_ws/devel/lib/patrolling_sim/Random
Symlinking /home/jorgeurjc/Jorge_ws/devel/lib/patrolling_sim/monitor
Symlinking /home/jorgeurjc/Jorge_ws/devel/lib/patrolling_sim/idlHistogram
Symlinking /home/jorgeurjc/Jorge_ws/devel/lib/patrolling_sim/DTAGreedy
Symlinking /home/jorgeurjc/Jorge_ws/devel/lib/patrolling_sim/MSP
Symlinking /home/jorgeurjc/Jorge_ws/devel/lib/patrolling_sim/SEBS
Symlinking /home/jorgeurjc/Jorge_ws/devel/lib/pkgconfig/patrolling_sim.pc
Symlinking /home/jorgeurjc/Jorge_ws/devel/lib/python3/dist-packages/patrolling_sim/__init__.py
Symlinking /home/jorgeurjc/Jorge_ws/devel/lib/python3/dist-packages/patrolling_sim/srv/_GoToStartPosSrv.py
Symlinking /home/jorgeurjc/Jorge_ws/devel/lib/python3/dist-packages/patrolling_sim/srv/__init__.py
Symlinking /home/jorgeurjc/Jorge_ws/devel/share/common-lisp/ros/patrolling_sim/srv/patrolling_sim-srv.asd
Symlinking /home/jorgeurjc/Jorge_ws/devel/share/common-lisp/ros/patrolling_sim/srv/_package_GoToStartPosSrv.lisp
Symlinking /home/jorgeurjc/Jorge_ws/devel/share/common-lisp/ros/patrolling_sim/srv/GoToStartPosSrv.lisp
Symlinking /home/jorgeurjc/Jorge_ws/devel/share/common-lisp/ros/patrolling_sim/srv/_package.lisp
Symlinking /home/jorgeurjc/Jorge_ws/devel/share/patrolling_sim/cmake/patrolling_simConfig-version.cmake
Symlinking /home/jorgeurjc/Jorge_ws/devel/share/patrolling_sim/cmake/patrolling_simConfig.cmake
Symlinking /home/jorgeurjc/Jorge_ws/devel/share/patrolling_sim/cmake/patrolling_sim-msg-paths.cmake
Symlinking /home/jorgeurjc/Jorge_ws/devel/share/patrolling_sim/cmake/patrolling_sim-msg-extras.cmake
Symlinking /home/jorgeurjc/Jorge_ws/devel/share/roseus/ros/patrolling_sim/manifest.l
Symlinking /home/jorgeurjc/Jorge_ws/devel/share/roseus/ros/patrolling_sim/srv/GoToStartPosSrv.l
Symlinking /home/jorgeurjc/Jorge_ws/devel/share/gennodejs/ros/patrolling_sim/_index.js
Symlinking /home/jorgeurjc/Jorge_ws/devel/share/gennodejs/ros/patrolling_sim/srv/GoToStartPosSrv.js
Symlinking /home/jorgeurjc/Jorge_ws/devel/share/gennodejs/ros/patrolling_sim/srv/_index.js
